<?xml version="1.0" encoding="utf-8"?>
<!DOCTYPE coverage SYSTEM "http://cobertura.sourceforge.net/xml/coverage-04.dtd">
<coverage line-rate="0.685589519650655" branch-rate="0.527777777777778" lines-covered="314" lines-valid="458" branches-covered="38" branches-valid="72" complexity="109" version="0" timestamp="1707082647">
  <sources>
    <source>D:\python codes\</source>
    <source>C:\</source>
  </sources>
  <packages>
    <package name="Laba9" line-rate="0.515254237288136" branch-rate="0.46875" complexity="83">
      <classes>
        <class name="Laba9.IO" filename="D:\python codes\Laba9\IO.cs" line-rate="0" branch-rate="0" complexity="8">
          <methods>
            <method name="InputSubject" signature="()" line-rate="0" branch-rate="1" complexity="1">
              <lines>
                <line number="13" hits="0" branch="false" />
                <line number="14" hits="0" branch="false" />
                <line number="15" hits="0" branch="false" />
                <line number="16" hits="0" branch="false" />
                <line number="17" hits="0" branch="false" />
              </lines>
            </method>
            <method name="InputMark" signature="()" line-rate="0" branch-rate="0" complexity="4">
              <lines>
                <line number="19" hits="0" branch="false" />
                <line number="20" hits="0" branch="false" />
                <line number="25" hits="0" branch="false" />
                <line number="26" hits="0" branch="false" />
                <line number="27" hits="0" branch="false" />
                <line number="28" hits="0" branch="true" condition-coverage="0% (0/2)" />
                <line number="29" hits="0" branch="false" />
                <line number="30" hits="0" branch="false" />
                <line number="31" hits="0" branch="false" />
                <line number="32" hits="0" branch="false" />
                <line number="34" hits="0" branch="true" condition-coverage="0% (0/2)" />
                <line number="35" hits="0" branch="false" />
                <line number="36" hits="0" branch="false" />
              </lines>
            </method>
            <method name="PrintInf" signature="(...)" line-rate="0" branch-rate="1" complexity="1">
              <lines>
                <line number="38" hits="0" branch="false" />
                <line number="39" hits="0" branch="false" />
                <line number="40" hits="0" branch="false" />
                <line number="41" hits="0" branch="false" />
              </lines>
            </method>
            <method name="PrintMark" signature="(...)" line-rate="0" branch-rate="1" complexity="1">
              <lines>
                <line number="44" hits="0" branch="false" />
                <line number="45" hits="0" branch="false" />
                <line number="46" hits="0" branch="false" />
              </lines>
            </method>
            <method name="PrintMarkk" signature="(...)" line-rate="0" branch-rate="1" complexity="1">
              <lines>
                <line number="48" hits="0" branch="false" />
                <line number="49" hits="0" branch="false" />
                <line number="50" hits="0" branch="false" />
              </lines>
            </method>
          </methods>
          <lines>
            <line number="13" hits="0" branch="false" />
            <line number="14" hits="0" branch="false" />
            <line number="15" hits="0" branch="false" />
            <line number="16" hits="0" branch="false" />
            <line number="17" hits="0" branch="false" />
            <line number="19" hits="0" branch="false" />
            <line number="20" hits="0" branch="false" />
            <line number="25" hits="0" branch="false" />
            <line number="26" hits="0" branch="false" />
            <line number="27" hits="0" branch="false" />
            <line number="28" hits="0" branch="true" condition-coverage="0% (0/2)" />
            <line number="29" hits="0" branch="false" />
            <line number="30" hits="0" branch="false" />
            <line number="31" hits="0" branch="false" />
            <line number="32" hits="0" branch="false" />
            <line number="34" hits="0" branch="true" condition-coverage="0% (0/2)" />
            <line number="35" hits="0" branch="false" />
            <line number="36" hits="0" branch="false" />
            <line number="38" hits="0" branch="false" />
            <line number="39" hits="0" branch="false" />
            <line number="40" hits="0" branch="false" />
            <line number="41" hits="0" branch="false" />
            <line number="44" hits="0" branch="false" />
            <line number="45" hits="0" branch="false" />
            <line number="46" hits="0" branch="false" />
            <line number="48" hits="0" branch="false" />
            <line number="49" hits="0" branch="false" />
            <line number="50" hits="0" branch="false" />
          </lines>
        </class>
        <class name="Laba9.Mark" filename="D:\python codes\Laba9\Mark.cs" line-rate="0.931034482758621" branch-rate="0.833333333333333" complexity="36">
          <methods>
            <method name="get_MarkLimit" signature="()" line-rate="1" branch-rate="1" complexity="1">
              <lines>
                <line number="18" hits="36" branch="false" />
              </lines>
            </method>
            <method name="set_MarkLimit" signature="(...)" line-rate="1" branch-rate="0.75" complexity="4">
              <lines>
                <line number="20" hits="52" branch="false" />
                <line number="21" hits="52" branch="true" condition-coverage="75% (3/4)" />
                <line number="22" hits="51" branch="false" />
                <line number="23" hits="51" branch="false" />
                <line number="24" hits="51" branch="false" />
                <line number="26" hits="1" branch="false" />
                <line number="28" hits="1" branch="false" />
                <line number="29" hits="1" branch="false" />
                <line number="30" hits="1" branch="false" />
                <line number="31" hits="52" branch="false" />
              </lines>
            </method>
            <method name="get_NameLimit" signature="()" line-rate="1" branch-rate="1" complexity="1">
              <lines>
                <line number="35" hits="26" branch="false" />
              </lines>
            </method>
            <method name="set_NameLimit" signature="(...)" line-rate="0.428571428571429" branch-rate="0.25" complexity="4">
              <lines>
                <line number="37" hits="48" branch="false" />
                <line number="38" hits="48" branch="true" condition-coverage="50% (1/2)" />
                <line number="39" hits="48" branch="false" />
                <line number="40" hits="48" branch="false" />
                <line number="41" hits="48" branch="false" />
                <line number="43" hits="0" branch="false" />
                <line number="45" hits="0" branch="false" />
                <line number="46" hits="0" branch="false" />
                <line number="47" hits="0" branch="false" />
                <line number="48" hits="0" branch="false" />
                <line number="49" hits="0" branch="true" condition-coverage="0% (0/2)" />
                <line number="50" hits="0" branch="false" />
                <line number="51" hits="0" branch="false" />
                <line number="52" hits="48" branch="false" />
              </lines>
            </method>
            <method name="Transfer" signature="()" line-rate="1" branch-rate="1" complexity="6">
              <lines>
                <line number="76" hits="4" branch="false" />
                <line number="78" hits="4" branch="true" condition-coverage="100% (2/2)" />
                <line number="79" hits="1" branch="false" />
                <line number="80" hits="1" branch="false" />
                <line number="81" hits="1" branch="false" />
                <line number="82" hits="3" branch="true" condition-coverage="100% (2/2)" />
                <line number="83" hits="1" branch="false" />
                <line number="84" hits="1" branch="false" />
                <line number="85" hits="1" branch="false" />
                <line number="86" hits="2" branch="true" condition-coverage="100% (2/2)" />
                <line number="87" hits="1" branch="false" />
                <line number="88" hits="1" branch="false" />
                <line number="89" hits="1" branch="false" />
                <line number="91" hits="1" branch="false" />
                <line number="92" hits="1" branch="false" />
                <line number="93" hits="1" branch="false" />
                <line number="94" hits="4" branch="false" />
                <line number="95" hits="4" branch="false" />
              </lines>
            </method>
            <method name="Transf" signature="(...)" line-rate="1" branch-rate="1" complexity="6">
              <lines>
                <line number="98" hits="4" branch="false" />
                <line number="100" hits="4" branch="true" condition-coverage="100% (2/2)" />
                <line number="101" hits="1" branch="false" />
                <line number="102" hits="1" branch="false" />
                <line number="103" hits="1" branch="false" />
                <line number="104" hits="3" branch="true" condition-coverage="100% (2/2)" />
                <line number="105" hits="1" branch="false" />
                <line number="106" hits="1" branch="false" />
                <line number="107" hits="1" branch="false" />
                <line number="108" hits="2" branch="true" condition-coverage="100% (2/2)" />
                <line number="109" hits="1" branch="false" />
                <line number="110" hits="1" branch="false" />
                <line number="111" hits="1" branch="false" />
                <line number="113" hits="1" branch="false" />
                <line number="114" hits="1" branch="false" />
                <line number="115" hits="1" branch="false" />
                <line number="116" hits="4" branch="false" />
                <line number="117" hits="4" branch="false" />
              </lines>
            </method>
            <method name="op_LogicalNot" signature="(...)" line-rate="1" branch-rate="1" complexity="1">
              <lines>
                <line number="120" hits="1" branch="false" />
                <line number="121" hits="1" branch="false" />
                <line number="122" hits="1" branch="false" />
              </lines>
            </method>
            <method name="op_UnaryNegation" signature="(...)" line-rate="1" branch-rate="1" complexity="1">
              <lines>
                <line number="124" hits="1" branch="false" />
                <line number="125" hits="1" branch="false" />
                <line number="126" hits="1" branch="false" />
                <line number="127" hits="1" branch="false" />
                <line number="128" hits="1" branch="false" />
              </lines>
            </method>
            <method name="op_Explicit" signature="(...)" line-rate="1" branch-rate="1" complexity="4">
              <lines>
                <line number="131" hits="1" branch="false" />
                <line number="132" hits="1" branch="false" />
                <line number="133" hits="12" branch="true" condition-coverage="100% (2/2)" />
                <line number="134" hits="5" branch="false" />
                <line number="135" hits="5" branch="true" condition-coverage="100% (2/2)" />
                <line number="136" hits="5" branch="false" />
                <line number="137" hits="5" branch="false" />
                <line number="138" hits="5" branch="false" />
                <line number="139" hits="5" branch="false" />
                <line number="140" hits="1" branch="false" />
                <line number="141" hits="1" branch="false" />
              </lines>
            </method>
            <method name="op_Implicit" signature="(...)" line-rate="1" branch-rate="1" complexity="1">
              <lines>
                <line number="144" hits="1" branch="false" />
                <line number="145" hits="1" branch="false" />
                <line number="146" hits="1" branch="false" />
              </lines>
            </method>
            <method name="op_Division" signature="(...)" line-rate="1" branch-rate="1" complexity="1">
              <lines>
                <line number="148" hits="1" branch="false" />
                <line number="149" hits="1" branch="false" />
                <line number="150" hits="1" branch="false" />
                <line number="151" hits="1" branch="false" />
                <line number="152" hits="1" branch="false" />
              </lines>
            </method>
            <method name="op_GreaterThanOrEqual" signature="(...)" line-rate="1" branch-rate="1" complexity="1">
              <lines>
                <line number="154" hits="1" branch="false" />
                <line number="155" hits="1" branch="false" />
                <line number="156" hits="1" branch="false" />
              </lines>
            </method>
            <method name="op_LessThanOrEqual" signature="(...)" line-rate="1" branch-rate="1" complexity="1">
              <lines>
                <line number="158" hits="1" branch="false" />
                <line number="159" hits="1" branch="false" />
                <line number="160" hits="1" branch="false" />
              </lines>
            </method>
            <method name="op_Addition" signature="(...)" line-rate="1" branch-rate="1" complexity="1">
              <lines>
                <line number="162" hits="1" branch="false" />
                <line number="163" hits="1" branch="false" />
                <line number="164" hits="1" branch="false" />
              </lines>
            </method>
            <method name=".ctor" signature="()" line-rate="1" branch-rate="1" complexity="1">
              <lines>
                <line number="56" hits="4" branch="false" />
                <line number="57" hits="4" branch="false" />
                <line number="58" hits="4" branch="false" />
                <line number="59" hits="4" branch="false" />
                <line number="60" hits="4" branch="false" />
                <line number="61" hits="4" branch="false" />
              </lines>
            </method>
            <method name=".ctor" signature="(...)" line-rate="1" branch-rate="1" complexity="1">
              <lines>
                <line number="62" hits="40" branch="false" />
                <line number="63" hits="40" branch="false" />
                <line number="64" hits="40" branch="false" />
                <line number="65" hits="40" branch="false" />
                <line number="66" hits="40" branch="false" />
                <line number="67" hits="40" branch="false" />
              </lines>
            </method>
            <method name=".ctor" signature="(...)" line-rate="1" branch-rate="1" complexity="1">
              <lines>
                <line number="68" hits="8" branch="false" />
                <line number="69" hits="8" branch="false" />
                <line number="70" hits="8" branch="false" />
                <line number="71" hits="8" branch="false" />
                <line number="72" hits="8" branch="false" />
                <line number="73" hits="8" branch="false" />
              </lines>
            </method>
          </methods>
          <lines>
            <line number="18" hits="36" branch="false" />
            <line number="20" hits="52" branch="false" />
            <line number="21" hits="52" branch="true" condition-coverage="75% (3/4)" />
            <line number="22" hits="51" branch="false" />
            <line number="23" hits="51" branch="false" />
            <line number="24" hits="51" branch="false" />
            <line number="26" hits="1" branch="false" />
            <line number="28" hits="1" branch="false" />
            <line number="29" hits="1" branch="false" />
            <line number="30" hits="1" branch="false" />
            <line number="31" hits="52" branch="false" />
            <line number="35" hits="26" branch="false" />
            <line number="37" hits="48" branch="false" />
            <line number="38" hits="48" branch="true" condition-coverage="50% (1/2)" />
            <line number="39" hits="48" branch="false" />
            <line number="40" hits="48" branch="false" />
            <line number="41" hits="48" branch="false" />
            <line number="43" hits="0" branch="false" />
            <line number="45" hits="0" branch="false" />
            <line number="46" hits="0" branch="false" />
            <line number="47" hits="0" branch="false" />
            <line number="48" hits="0" branch="false" />
            <line number="49" hits="0" branch="true" condition-coverage="0% (0/2)" />
            <line number="50" hits="0" branch="false" />
            <line number="51" hits="0" branch="false" />
            <line number="52" hits="48" branch="false" />
            <line number="56" hits="4" branch="false" />
            <line number="57" hits="4" branch="false" />
            <line number="58" hits="4" branch="false" />
            <line number="59" hits="4" branch="false" />
            <line number="60" hits="4" branch="false" />
            <line number="61" hits="4" branch="false" />
            <line number="62" hits="40" branch="false" />
            <line number="63" hits="40" branch="false" />
            <line number="64" hits="40" branch="false" />
            <line number="65" hits="40" branch="false" />
            <line number="66" hits="40" branch="false" />
            <line number="67" hits="40" branch="false" />
            <line number="68" hits="8" branch="false" />
            <line number="69" hits="8" branch="false" />
            <line number="70" hits="8" branch="false" />
            <line number="71" hits="8" branch="false" />
            <line number="72" hits="8" branch="false" />
            <line number="73" hits="8" branch="false" />
            <line number="76" hits="4" branch="false" />
            <line number="78" hits="4" branch="true" condition-coverage="100% (2/2)" />
            <line number="79" hits="1" branch="false" />
            <line number="80" hits="1" branch="false" />
            <line number="81" hits="1" branch="false" />
            <line number="82" hits="3" branch="true" condition-coverage="100% (2/2)" />
            <line number="83" hits="1" branch="false" />
            <line number="84" hits="1" branch="false" />
            <line number="85" hits="1" branch="false" />
            <line number="86" hits="2" branch="true" condition-coverage="100% (2/2)" />
            <line number="87" hits="1" branch="false" />
            <line number="88" hits="1" branch="false" />
            <line number="89" hits="1" branch="false" />
            <line number="91" hits="1" branch="false" />
            <line number="92" hits="1" branch="false" />
            <line number="93" hits="1" branch="false" />
            <line number="94" hits="4" branch="false" />
            <line number="95" hits="4" branch="false" />
            <line number="98" hits="4" branch="false" />
            <line number="100" hits="4" branch="true" condition-coverage="100% (2/2)" />
            <line number="101" hits="1" branch="false" />
            <line number="102" hits="1" branch="false" />
            <line number="103" hits="1" branch="false" />
            <line number="104" hits="3" branch="true" condition-coverage="100% (2/2)" />
            <line number="105" hits="1" branch="false" />
            <line number="106" hits="1" branch="false" />
            <line number="107" hits="1" branch="false" />
            <line number="108" hits="2" branch="true" condition-coverage="100% (2/2)" />
            <line number="109" hits="1" branch="false" />
            <line number="110" hits="1" branch="false" />
            <line number="111" hits="1" branch="false" />
            <line number="113" hits="1" branch="false" />
            <line number="114" hits="1" branch="false" />
            <line number="115" hits="1" branch="false" />
            <line number="116" hits="4" branch="false" />
            <line number="117" hits="4" branch="false" />
            <line number="120" hits="1" branch="false" />
            <line number="121" hits="1" branch="false" />
            <line number="122" hits="1" branch="false" />
            <line number="124" hits="1" branch="false" />
            <line number="125" hits="1" branch="false" />
            <line number="126" hits="1" branch="false" />
            <line number="127" hits="1" branch="false" />
            <line number="128" hits="1" branch="false" />
            <line number="131" hits="1" branch="false" />
            <line number="132" hits="1" branch="false" />
            <line number="133" hits="12" branch="true" condition-coverage="100% (2/2)" />
            <line number="134" hits="5" branch="false" />
            <line number="135" hits="5" branch="true" condition-coverage="100% (2/2)" />
            <line number="136" hits="5" branch="false" />
            <line number="137" hits="5" branch="false" />
            <line number="138" hits="5" branch="false" />
            <line number="139" hits="5" branch="false" />
            <line number="140" hits="1" branch="false" />
            <line number="141" hits="1" branch="false" />
            <line number="144" hits="1" branch="false" />
            <line number="145" hits="1" branch="false" />
            <line number="146" hits="1" branch="false" />
            <line number="148" hits="1" branch="false" />
            <line number="149" hits="1" branch="false" />
            <line number="150" hits="1" branch="false" />
            <line number="151" hits="1" branch="false" />
            <line number="152" hits="1" branch="false" />
            <line number="154" hits="1" branch="false" />
            <line number="155" hits="1" branch="false" />
            <line number="156" hits="1" branch="false" />
            <line number="158" hits="1" branch="false" />
            <line number="159" hits="1" branch="false" />
            <line number="160" hits="1" branch="false" />
            <line number="162" hits="1" branch="false" />
            <line number="163" hits="1" branch="false" />
            <line number="164" hits="1" branch="false" />
          </lines>
        </class>
        <class name="Laba9.MarkArray" filename="D:\python codes\Laba9\MarkArray.cs" line-rate="0.814814814814815" branch-rate="0.625" complexity="19">
          <methods>
            <method name="get_Length" signature="()" line-rate="1" branch-rate="1" complexity="1">
              <lines>
                <line number="16" hits="28" branch="false" />
              </lines>
            </method>
            <method name="get_Item" signature="(...)" line-rate="0.8" branch-rate="0.5" complexity="4">
              <lines>
                <line number="55" hits="28" branch="false" />
                <line number="56" hits="28" branch="true" condition-coverage="50% (2/4)" />
                <line number="57" hits="28" branch="false" />
                <line number="59" hits="0" branch="false" />
                <line number="60" hits="28" branch="false" />
              </lines>
            </method>
            <method name="set_Item" signature="(...)" line-rate="0.8" branch-rate="0.5" complexity="4">
              <lines>
                <line number="62" hits="2" branch="false" />
                <line number="63" hits="2" branch="true" condition-coverage="50% (2/4)" />
                <line number="64" hits="2" branch="false" />
                <line number="66" hits="0" branch="false" />
                <line number="67" hits="2" branch="false" />
              </lines>
            </method>
            <method name="PrintArray" signature="()" line-rate="0" branch-rate="0" complexity="2">
              <lines>
                <line number="71" hits="0" branch="false" />
                <line number="72" hits="0" branch="false" />
                <line number="73" hits="0" branch="true" condition-coverage="0% (0/2)" />
                <line number="74" hits="0" branch="false" />
                <line number="75" hits="0" branch="false" />
                <line number="76" hits="0" branch="false" />
                <line number="77" hits="0" branch="false" />
                <line number="78" hits="0" branch="false" />
              </lines>
            </method>
            <method name=".ctor" signature="()" line-rate="1" branch-rate="1" complexity="1">
              <lines>
                <line number="19" hits="2" branch="false" />
                <line number="20" hits="2" branch="false" />
                <line number="21" hits="2" branch="false" />
                <line number="22" hits="2" branch="false" />
                <line number="23" hits="2" branch="false" />
                <line number="24" hits="2" branch="false" />
              </lines>
            </method>
            <method name=".ctor" signature="(...)" line-rate="1" branch-rate="1" complexity="2">
              <lines>
                <line number="25" hits="6" branch="false" />
                <line number="26" hits="6" branch="false" />
                <line number="27" hits="6" branch="false" />
                <line number="28" hits="36" branch="true" condition-coverage="100% (2/2)" />
                <line number="29" hits="12" branch="false" />
                <line number="30" hits="12" branch="false" />
                <line number="31" hits="12" branch="false" />
                <line number="32" hits="6" branch="false" />
                <line number="33" hits="6" branch="false" />
              </lines>
            </method>
            <method name=".ctor" signature="(...)" line-rate="1" branch-rate="1" complexity="2">
              <lines>
                <line number="34" hits="2" branch="false" />
                <line number="35" hits="2" branch="false" />
                <line number="36" hits="2" branch="false" />
                <line number="37" hits="16" branch="true" condition-coverage="100% (2/2)" />
                <line number="38" hits="6" branch="false" />
                <line number="39" hits="6" branch="false" />
                <line number="40" hits="6" branch="false" />
                <line number="41" hits="2" branch="false" />
                <line number="42" hits="2" branch="false" />
              </lines>
            </method>
            <method name=".ctor" signature="(...)" line-rate="1" branch-rate="1" complexity="2">
              <lines>
                <line number="43" hits="2" branch="false" />
                <line number="44" hits="2" branch="false" />
                <line number="45" hits="2" branch="false" />
                <line number="46" hits="12" branch="true" condition-coverage="100% (2/2)" />
                <line number="47" hits="4" branch="false" />
                <line number="48" hits="4" branch="false" />
                <line number="49" hits="4" branch="false" />
                <line number="50" hits="2" branch="false" />
                <line number="51" hits="2" branch="false" />
              </lines>
            </method>
            <method name=".cctor" signature="()" line-rate="1" branch-rate="1" complexity="1">
              <lines>
                <line number="11" hits="1" branch="false" />
                <line number="13" hits="1" branch="false" />
              </lines>
            </method>
          </methods>
          <lines>
            <line number="11" hits="1" branch="false" />
            <line number="13" hits="1" branch="false" />
            <line number="16" hits="28" branch="false" />
            <line number="19" hits="2" branch="false" />
            <line number="20" hits="2" branch="false" />
            <line number="21" hits="2" branch="false" />
            <line number="22" hits="2" branch="false" />
            <line number="23" hits="2" branch="false" />
            <line number="24" hits="2" branch="false" />
            <line number="25" hits="6" branch="false" />
            <line number="26" hits="6" branch="false" />
            <line number="27" hits="6" branch="false" />
            <line number="28" hits="36" branch="true" condition-coverage="100% (2/2)" />
            <line number="29" hits="12" branch="false" />
            <line number="30" hits="12" branch="false" />
            <line number="31" hits="12" branch="false" />
            <line number="32" hits="6" branch="false" />
            <line number="33" hits="6" branch="false" />
            <line number="34" hits="2" branch="false" />
            <line number="35" hits="2" branch="false" />
            <line number="36" hits="2" branch="false" />
            <line number="37" hits="16" branch="true" condition-coverage="100% (2/2)" />
            <line number="38" hits="6" branch="false" />
            <line number="39" hits="6" branch="false" />
            <line number="40" hits="6" branch="false" />
            <line number="41" hits="2" branch="false" />
            <line number="42" hits="2" branch="false" />
            <line number="43" hits="2" branch="false" />
            <line number="44" hits="2" branch="false" />
            <line number="45" hits="2" branch="false" />
            <line number="46" hits="12" branch="true" condition-coverage="100% (2/2)" />
            <line number="47" hits="4" branch="false" />
            <line number="48" hits="4" branch="false" />
            <line number="49" hits="4" branch="false" />
            <line number="50" hits="2" branch="false" />
            <line number="51" hits="2" branch="false" />
            <line number="55" hits="28" branch="false" />
            <line number="56" hits="28" branch="true" condition-coverage="50% (2/4)" />
            <line number="57" hits="28" branch="false" />
            <line number="59" hits="0" branch="false" />
            <line number="60" hits="28" branch="false" />
            <line number="62" hits="2" branch="false" />
            <line number="63" hits="2" branch="true" condition-coverage="50% (2/4)" />
            <line number="64" hits="2" branch="false" />
            <line number="66" hits="0" branch="false" />
            <line number="67" hits="2" branch="false" />
            <line number="71" hits="0" branch="false" />
            <line number="72" hits="0" branch="false" />
            <line number="73" hits="0" branch="true" condition-coverage="0% (0/2)" />
            <line number="74" hits="0" branch="false" />
            <line number="75" hits="0" branch="false" />
            <line number="76" hits="0" branch="false" />
            <line number="77" hits="0" branch="false" />
            <line number="78" hits="0" branch="false" />
          </lines>
        </class>
        <class name="Laba9.Program" filename="D:\python codes\Laba9\Program.cs" line-rate="0" branch-rate="0" complexity="20">
          <methods>
            <method name="AboveAverageMark" signature="(...)" line-rate="0" branch-rate="0" complexity="6">
              <lines>
                <line number="9" hits="0" branch="false" />
                <line number="10" hits="0" branch="false" />
                <line number="11" hits="0" branch="false" />
                <line number="12" hits="0" branch="true" condition-coverage="0% (0/2)" />
                <line number="13" hits="0" branch="false" />
                <line number="14" hits="0" branch="false" />
                <line number="15" hits="0" branch="false" />
                <line number="16" hits="0" branch="false" />
                <line number="17" hits="0" branch="true" condition-coverage="0% (0/2)" />
                <line number="18" hits="0" branch="false" />
                <line number="19" hits="0" branch="true" condition-coverage="0% (0/2)" />
                <line number="20" hits="0" branch="false" />
                <line number="21" hits="0" branch="false" />
                <line number="22" hits="0" branch="false" />
                <line number="23" hits="0" branch="false" />
                <line number="24" hits="0" branch="false" />
                <line number="25" hits="0" branch="false" />
              </lines>
            </method>
            <method name="Main" signature="(...)" line-rate="0" branch-rate="0" complexity="14">
              <lines>
                <line number="27" hits="0" branch="false" />
                <line number="28" hits="0" branch="false" />
                <line number="29" hits="0" branch="false" />
                <line number="30" hits="0" branch="false" />
                <line number="31" hits="0" branch="false" />
                <line number="32" hits="0" branch="false" />
                <line number="33" hits="0" branch="false" />
                <line number="34" hits="0" branch="false" />
                <line number="36" hits="0" branch="false" />
                <line number="37" hits="0" branch="false" />
                <line number="38" hits="0" branch="false" />
                <line number="39" hits="0" branch="false" />
                <line number="40" hits="0" branch="false" />
                <line number="42" hits="0" branch="false" />
                <line number="43" hits="0" branch="false" />
                <line number="44" hits="0" branch="false" />
                <line number="46" hits="0" branch="false" />
                <line number="47" hits="0" branch="false" />
                <line number="48" hits="0" branch="false" />
                <line number="49" hits="0" branch="false" />
                <line number="50" hits="0" branch="false" />
                <line number="51" hits="0" branch="false" />
                <line number="52" hits="0" branch="false" />
                <line number="53" hits="0" branch="false" />
                <line number="54" hits="0" branch="false" />
                <line number="55" hits="0" branch="false" />
                <line number="57" hits="0" branch="false" />
                <line number="60" hits="0" branch="false" />
                <line number="61" hits="0" branch="false" />
                <line number="62" hits="0" branch="false" />
                <line number="63" hits="0" branch="false" />
                <line number="64" hits="0" branch="false" />
                <line number="65" hits="0" branch="false" />
                <line number="69" hits="0" branch="false" />
                <line number="74" hits="0" branch="false" />
                <line number="75" hits="0" branch="false" />
                <line number="76" hits="0" branch="false" />
                <line number="77" hits="0" branch="true" condition-coverage="0% (0/6)" />
                <line number="78" hits="0" branch="false" />
                <line number="79" hits="0" branch="false" />
                <line number="80" hits="0" branch="false" />
                <line number="81" hits="0" branch="false" />
                <line number="82" hits="0" branch="true" condition-coverage="0% (0/6)" />
                <line number="83" hits="0" branch="false" />
                <line number="84" hits="0" branch="false" />
                <line number="86" hits="0" branch="true" condition-coverage="0% (0/2)" />
                <line number="87" hits="0" branch="false" />
                <line number="88" hits="0" branch="false" />
                <line number="89" hits="0" branch="false" />
                <line number="90" hits="0" branch="false" />
                <line number="91" hits="0" branch="false" />
                <line number="92" hits="0" branch="false" />
                <line number="93" hits="0" branch="false" />
                <line number="94" hits="0" branch="false" />
                <line number="95" hits="0" branch="false" />
                <line number="96" hits="0" branch="false" />
                <line number="97" hits="0" branch="false" />
                <line number="98" hits="0" branch="false" />
                <line number="99" hits="0" branch="false" />
                <line number="100" hits="0" branch="false" />
                <line number="101" hits="0" branch="false" />
                <line number="102" hits="0" branch="false" />
                <line number="103" hits="0" branch="false" />
                <line number="104" hits="0" branch="false" />
                <line number="105" hits="0" branch="false" />
                <line number="106" hits="0" branch="false" />
                <line number="107" hits="0" branch="false" />
                <line number="110" hits="0" branch="false" />
                <line number="111" hits="0" branch="false" />
                <line number="112" hits="0" branch="false" />
                <line number="113" hits="0" branch="false" />
                <line number="114" hits="0" branch="false" />
                <line number="115" hits="0" branch="false" />
                <line number="116" hits="0" branch="false" />
                <line number="117" hits="0" branch="false" />
                <line number="118" hits="0" branch="false" />
                <line number="119" hits="0" branch="false" />
                <line number="122" hits="0" branch="false" />
                <line number="123" hits="0" branch="false" />
                <line number="124" hits="0" branch="false" />
              </lines>
            </method>
          </methods>
          <lines>
            <line number="9" hits="0" branch="false" />
            <line number="10" hits="0" branch="false" />
            <line number="11" hits="0" branch="false" />
            <line number="12" hits="0" branch="true" condition-coverage="0% (0/2)" />
            <line number="13" hits="0" branch="false" />
            <line number="14" hits="0" branch="false" />
            <line number="15" hits="0" branch="false" />
            <line number="16" hits="0" branch="false" />
            <line number="17" hits="0" branch="true" condition-coverage="0% (0/2)" />
            <line number="18" hits="0" branch="false" />
            <line number="19" hits="0" branch="true" condition-coverage="0% (0/2)" />
            <line number="20" hits="0" branch="false" />
            <line number="21" hits="0" branch="false" />
            <line number="22" hits="0" branch="false" />
            <line number="23" hits="0" branch="false" />
            <line number="24" hits="0" branch="false" />
            <line number="25" hits="0" branch="false" />
            <line number="27" hits="0" branch="false" />
            <line number="28" hits="0" branch="false" />
            <line number="29" hits="0" branch="false" />
            <line number="30" hits="0" branch="false" />
            <line number="31" hits="0" branch="false" />
            <line number="32" hits="0" branch="false" />
            <line number="33" hits="0" branch="false" />
            <line number="34" hits="0" branch="false" />
            <line number="36" hits="0" branch="false" />
            <line number="37" hits="0" branch="false" />
            <line number="38" hits="0" branch="false" />
            <line number="39" hits="0" branch="false" />
            <line number="40" hits="0" branch="false" />
            <line number="42" hits="0" branch="false" />
            <line number="43" hits="0" branch="false" />
            <line number="44" hits="0" branch="false" />
            <line number="46" hits="0" branch="false" />
            <line number="47" hits="0" branch="false" />
            <line number="48" hits="0" branch="false" />
            <line number="49" hits="0" branch="false" />
            <line number="50" hits="0" branch="false" />
            <line number="51" hits="0" branch="false" />
            <line number="52" hits="0" branch="false" />
            <line number="53" hits="0" branch="false" />
            <line number="54" hits="0" branch="false" />
            <line number="55" hits="0" branch="false" />
            <line number="57" hits="0" branch="false" />
            <line number="60" hits="0" branch="false" />
            <line number="61" hits="0" branch="false" />
            <line number="62" hits="0" branch="false" />
            <line number="63" hits="0" branch="false" />
            <line number="64" hits="0" branch="false" />
            <line number="65" hits="0" branch="false" />
            <line number="69" hits="0" branch="false" />
            <line number="74" hits="0" branch="false" />
            <line number="75" hits="0" branch="false" />
            <line number="76" hits="0" branch="false" />
            <line number="77" hits="0" branch="true" condition-coverage="0% (0/6)" />
            <line number="78" hits="0" branch="false" />
            <line number="79" hits="0" branch="false" />
            <line number="80" hits="0" branch="false" />
            <line number="81" hits="0" branch="false" />
            <line number="82" hits="0" branch="true" condition-coverage="0% (0/6)" />
            <line number="83" hits="0" branch="false" />
            <line number="84" hits="0" branch="false" />
            <line number="86" hits="0" branch="true" condition-coverage="0% (0/2)" />
            <line number="87" hits="0" branch="false" />
            <line number="88" hits="0" branch="false" />
            <line number="89" hits="0" branch="false" />
            <line number="90" hits="0" branch="false" />
            <line number="91" hits="0" branch="false" />
            <line number="92" hits="0" branch="false" />
            <line number="93" hits="0" branch="false" />
            <line number="94" hits="0" branch="false" />
            <line number="95" hits="0" branch="false" />
            <line number="96" hits="0" branch="false" />
            <line number="97" hits="0" branch="false" />
            <line number="98" hits="0" branch="false" />
            <line number="99" hits="0" branch="false" />
            <line number="100" hits="0" branch="false" />
            <line number="101" hits="0" branch="false" />
            <line number="102" hits="0" branch="false" />
            <line number="103" hits="0" branch="false" />
            <line number="104" hits="0" branch="false" />
            <line number="105" hits="0" branch="false" />
            <line number="106" hits="0" branch="false" />
            <line number="107" hits="0" branch="false" />
            <line number="110" hits="0" branch="false" />
            <line number="111" hits="0" branch="false" />
            <line number="112" hits="0" branch="false" />
            <line number="113" hits="0" branch="false" />
            <line number="114" hits="0" branch="false" />
            <line number="115" hits="0" branch="false" />
            <line number="116" hits="0" branch="false" />
            <line number="117" hits="0" branch="false" />
            <line number="118" hits="0" branch="false" />
            <line number="119" hits="0" branch="false" />
            <line number="122" hits="0" branch="false" />
            <line number="123" hits="0" branch="false" />
            <line number="124" hits="0" branch="false" />
          </lines>
        </class>
      </classes>
    </package>
    <package name="TestMark" line-rate="0.993865030674847" branch-rate="1" complexity="26">
      <classes>
        <class name="AutoGeneratedProgram" filename="C:\Users\zaobo\.nuget\packages\microsoft.net.test.sdk\17.6.0\build\netcoreapp3.1\Microsoft.NET.Test.Sdk.Program.cs" line-rate="0" branch-rate="1" complexity="1">
          <methods>
            <method name="Main" signature="(...)" line-rate="0" branch-rate="1" complexity="1">
              <lines>
                <line number="4" hits="0" branch="false" />
              </lines>
            </method>
          </methods>
          <lines>
            <line number="4" hits="0" branch="false" />
          </lines>
        </class>
        <class name="TestMark.UnitTest1" filename="D:\python codes\TestMark\UnitTest1.cs" line-rate="1" branch-rate="1" complexity="25">
          <methods>
            <method name="TestMethod1_1" signature="()" line-rate="1" branch-rate="1" complexity="1">
              <lines>
                <line number="11" hits="1" branch="false" />
                <line number="13" hits="1" branch="false" />
                <line number="15" hits="1" branch="false" />
                <line number="17" hits="1" branch="false" />
                <line number="18" hits="1" branch="false" />
                <line number="19" hits="1" branch="false" />
              </lines>
            </method>
            <method name="TestMethod1_2" signature="()" line-rate="1" branch-rate="1" complexity="1">
              <lines>
                <line number="22" hits="1" branch="false" />
                <line number="23" hits="1" branch="false" />
                <line number="24" hits="1" branch="false" />
                <line number="25" hits="1" branch="false" />
                <line number="26" hits="1" branch="false" />
                <line number="27" hits="1" branch="false" />
              </lines>
            </method>
            <method name="TestMethod1_3" signature="()" line-rate="1" branch-rate="1" complexity="1">
              <lines>
                <line number="30" hits="1" branch="false" />
                <line number="31" hits="1" branch="false" />
                <line number="32" hits="1" branch="false" />
                <line number="33" hits="1" branch="false" />
                <line number="34" hits="1" branch="false" />
                <line number="35" hits="1" branch="false" />
                <line number="36" hits="1" branch="false" />
                <line number="37" hits="1" branch="false" />
              </lines>
            </method>
            <method name="TestMethod2" signature="()" line-rate="1" branch-rate="1" complexity="1">
              <lines>
                <line number="40" hits="1" branch="false" />
                <line number="42" hits="1" branch="false" />
                <line number="44" hits="1" branch="false" />
                <line number="46" hits="1" branch="false" />
                <line number="47" hits="1" branch="false" />
                <line number="48" hits="1" branch="false" />
              </lines>
            </method>
            <method name="TestMethod3" signature="()" line-rate="1" branch-rate="1" complexity="1">
              <lines>
                <line number="51" hits="1" branch="false" />
                <line number="53" hits="1" branch="false" />
                <line number="55" hits="1" branch="false" />
                <line number="56" hits="1" branch="false" />
                <line number="57" hits="1" branch="false" />
                <line number="59" hits="1" branch="false" />
                <line number="60" hits="1" branch="false" />
                <line number="62" hits="1" branch="false" />
              </lines>
            </method>
            <method name="TestMethod4" signature="()" line-rate="1" branch-rate="1" complexity="1">
              <lines>
                <line number="65" hits="1" branch="false" />
                <line number="66" hits="1" branch="false" />
                <line number="67" hits="1" branch="false" />
                <line number="68" hits="1" branch="false" />
                <line number="69" hits="1" branch="false" />
                <line number="70" hits="1" branch="false" />
                <line number="71" hits="1" branch="false" />
                <line number="72" hits="1" branch="false" />
              </lines>
            </method>
            <method name="TestMethod5" signature="()" line-rate="1" branch-rate="1" complexity="1">
              <lines>
                <line number="75" hits="1" branch="false" />
                <line number="76" hits="1" branch="false" />
                <line number="77" hits="1" branch="false" />
                <line number="78" hits="1" branch="false" />
                <line number="79" hits="1" branch="false" />
                <line number="80" hits="1" branch="false" />
                <line number="81" hits="1" branch="false" />
                <line number="82" hits="1" branch="false" />
              </lines>
            </method>
            <method name="TestMethod6" signature="()" line-rate="1" branch-rate="1" complexity="1">
              <lines>
                <line number="85" hits="1" branch="false" />
                <line number="86" hits="1" branch="false" />
                <line number="87" hits="1" branch="false" />
                <line number="88" hits="1" branch="false" />
                <line number="89" hits="1" branch="false" />
                <line number="90" hits="1" branch="false" />
                <line number="91" hits="1" branch="false" />
                <line number="92" hits="1" branch="false" />
              </lines>
            </method>
            <method name="TestMethod7" signature="()" line-rate="1" branch-rate="1" complexity="1">
              <lines>
                <line number="95" hits="1" branch="false" />
                <line number="96" hits="1" branch="false" />
                <line number="97" hits="1" branch="false" />
                <line number="98" hits="1" branch="false" />
                <line number="99" hits="1" branch="false" />
                <line number="100" hits="1" branch="false" />
              </lines>
            </method>
            <method name="TestMethod8" signature="()" line-rate="1" branch-rate="1" complexity="1">
              <lines>
                <line number="103" hits="1" branch="false" />
                <line number="104" hits="1" branch="false" />
                <line number="105" hits="1" branch="false" />
                <line number="106" hits="1" branch="false" />
                <line number="107" hits="1" branch="false" />
                <line number="108" hits="1" branch="false" />
              </lines>
            </method>
            <method name="TestMethod9" signature="()" line-rate="1" branch-rate="1" complexity="1">
              <lines>
                <line number="111" hits="1" branch="false" />
                <line number="112" hits="1" branch="false" />
                <line number="113" hits="1" branch="false" />
                <line number="114" hits="1" branch="false" />
                <line number="115" hits="1" branch="false" />
                <line number="116" hits="1" branch="false" />
              </lines>
            </method>
            <method name="TestMethod10" signature="()" line-rate="1" branch-rate="1" complexity="1">
              <lines>
                <line number="119" hits="1" branch="false" />
                <line number="120" hits="1" branch="false" />
                <line number="121" hits="1" branch="false" />
                <line number="122" hits="1" branch="false" />
                <line number="123" hits="1" branch="false" />
                <line number="124" hits="1" branch="false" />
              </lines>
            </method>
            <method name="TestMethod11" signature="()" line-rate="1" branch-rate="1" complexity="1">
              <lines>
                <line number="127" hits="1" branch="false" />
                <line number="128" hits="1" branch="false" />
                <line number="129" hits="1" branch="false" />
                <line number="130" hits="1" branch="false" />
                <line number="131" hits="1" branch="false" />
                <line number="132" hits="1" branch="false" />
                <line number="133" hits="1" branch="false" />
              </lines>
            </method>
            <method name="TestMethod12" signature="()" line-rate="1" branch-rate="1" complexity="1">
              <lines>
                <line number="136" hits="1" branch="false" />
                <line number="137" hits="1" branch="false" />
                <line number="138" hits="1" branch="false" />
                <line number="139" hits="1" branch="false" />
                <line number="140" hits="1" branch="false" />
                <line number="141" hits="1" branch="false" />
                <line number="142" hits="1" branch="false" />
              </lines>
            </method>
            <method name="TestMethod13" signature="()" line-rate="1" branch-rate="1" complexity="1">
              <lines>
                <line number="145" hits="1" branch="false" />
                <line number="146" hits="1" branch="false" />
                <line number="147" hits="1" branch="false" />
                <line number="148" hits="1" branch="false" />
                <line number="149" hits="1" branch="false" />
                <line number="150" hits="1" branch="false" />
                <line number="151" hits="1" branch="false" />
              </lines>
            </method>
            <method name="TestMethod14" signature="()" line-rate="1" branch-rate="1" complexity="1">
              <lines>
                <line number="154" hits="1" branch="false" />
                <line number="155" hits="1" branch="false" />
                <line number="156" hits="1" branch="false" />
                <line number="157" hits="1" branch="false" />
                <line number="158" hits="1" branch="false" />
                <line number="159" hits="1" branch="false" />
                <line number="160" hits="1" branch="false" />
              </lines>
            </method>
            <method name="TestMethod15" signature="()" line-rate="1" branch-rate="1" complexity="2">
              <lines>
                <line number="163" hits="1" branch="false" />
                <line number="164" hits="1" branch="false" />
                <line number="165" hits="1" branch="false" />
                <line number="166" hits="1" branch="false" />
                <line number="167" hits="4" branch="true" condition-coverage="100% (2/2)" />
                <line number="168" hits="1" branch="false" />
                <line number="169" hits="1" branch="false" />
                <line number="170" hits="1" branch="false" />
                <line number="171" hits="1" branch="false" />
                <line number="172" hits="1" branch="false" />
              </lines>
            </method>
            <method name="TestMethod16" signature="()" line-rate="1" branch-rate="1" complexity="2">
              <lines>
                <line number="175" hits="1" branch="false" />
                <line number="176" hits="1" branch="false" />
                <line number="177" hits="1" branch="false" />
                <line number="178" hits="1" branch="false" />
                <line number="179" hits="6" branch="true" condition-coverage="100% (2/2)" />
                <line number="180" hits="2" branch="false" />
                <line number="181" hits="2" branch="false" />
                <line number="182" hits="2" branch="false" />
                <line number="184" hits="1" branch="false" />
              </lines>
            </method>
            <method name="TestMethod17" signature="()" line-rate="1" branch-rate="1" complexity="2">
              <lines>
                <line number="187" hits="1" branch="false" />
                <line number="188" hits="1" branch="false" />
                <line number="189" hits="1" branch="false" />
                <line number="190" hits="1" branch="false" />
                <line number="191" hits="1" branch="false" />
                <line number="192" hits="1" branch="false" />
                <line number="193" hits="8" branch="true" condition-coverage="100% (2/2)" />
                <line number="194" hits="3" branch="false" />
                <line number="195" hits="3" branch="false" />
                <line number="196" hits="3" branch="false" />
                <line number="197" hits="3" branch="false" />
                <line number="198" hits="1" branch="false" />
              </lines>
            </method>
            <method name="TestMethod18" signature="()" line-rate="1" branch-rate="1" complexity="2">
              <lines>
                <line number="201" hits="1" branch="false" />
                <line number="202" hits="1" branch="false" />
                <line number="203" hits="1" branch="false" />
                <line number="204" hits="1" branch="false" />
                <line number="205" hits="1" branch="false" />
                <line number="206" hits="1" branch="false" />
                <line number="207" hits="6" branch="true" condition-coverage="100% (2/2)" />
                <line number="208" hits="2" branch="false" />
                <line number="209" hits="2" branch="false" />
                <line number="210" hits="2" branch="false" />
                <line number="211" hits="1" branch="false" />
              </lines>
            </method>
            <method name="TestMethod19" signature="()" line-rate="1" branch-rate="1" complexity="1">
              <lines>
                <line number="214" hits="1" branch="false" />
                <line number="215" hits="1" branch="false" />
                <line number="216" hits="1" branch="false" />
                <line number="217" hits="1" branch="false" />
                <line number="218" hits="1" branch="false" />
                <line number="219" hits="1" branch="false" />
                <line number="220" hits="1" branch="false" />
                <line number="221" hits="1" branch="false" />
                <line number="222" hits="1" branch="false" />
                <line number="224" hits="1" branch="false" />
              </lines>
            </method>
          </methods>
          <lines>
            <line number="11" hits="1" branch="false" />
            <line number="13" hits="1" branch="false" />
            <line number="15" hits="1" branch="false" />
            <line number="17" hits="1" branch="false" />
            <line number="18" hits="1" branch="false" />
            <line number="19" hits="1" branch="false" />
            <line number="22" hits="1" branch="false" />
            <line number="23" hits="1" branch="false" />
            <line number="24" hits="1" branch="false" />
            <line number="25" hits="1" branch="false" />
            <line number="26" hits="1" branch="false" />
            <line number="27" hits="1" branch="false" />
            <line number="30" hits="1" branch="false" />
            <line number="31" hits="1" branch="false" />
            <line number="32" hits="1" branch="false" />
            <line number="33" hits="1" branch="false" />
            <line number="34" hits="1" branch="false" />
            <line number="35" hits="1" branch="false" />
            <line number="36" hits="1" branch="false" />
            <line number="37" hits="1" branch="false" />
            <line number="40" hits="1" branch="false" />
            <line number="42" hits="1" branch="false" />
            <line number="44" hits="1" branch="false" />
            <line number="46" hits="1" branch="false" />
            <line number="47" hits="1" branch="false" />
            <line number="48" hits="1" branch="false" />
            <line number="51" hits="1" branch="false" />
            <line number="53" hits="1" branch="false" />
            <line number="55" hits="1" branch="false" />
            <line number="56" hits="1" branch="false" />
            <line number="57" hits="1" branch="false" />
            <line number="59" hits="1" branch="false" />
            <line number="60" hits="1" branch="false" />
            <line number="62" hits="1" branch="false" />
            <line number="65" hits="1" branch="false" />
            <line number="66" hits="1" branch="false" />
            <line number="67" hits="1" branch="false" />
            <line number="68" hits="1" branch="false" />
            <line number="69" hits="1" branch="false" />
            <line number="70" hits="1" branch="false" />
            <line number="71" hits="1" branch="false" />
            <line number="72" hits="1" branch="false" />
            <line number="75" hits="1" branch="false" />
            <line number="76" hits="1" branch="false" />
            <line number="77" hits="1" branch="false" />
            <line number="78" hits="1" branch="false" />
            <line number="79" hits="1" branch="false" />
            <line number="80" hits="1" branch="false" />
            <line number="81" hits="1" branch="false" />
            <line number="82" hits="1" branch="false" />
            <line number="85" hits="1" branch="false" />
            <line number="86" hits="1" branch="false" />
            <line number="87" hits="1" branch="false" />
            <line number="88" hits="1" branch="false" />
            <line number="89" hits="1" branch="false" />
            <line number="90" hits="1" branch="false" />
            <line number="91" hits="1" branch="false" />
            <line number="92" hits="1" branch="false" />
            <line number="95" hits="1" branch="false" />
            <line number="96" hits="1" branch="false" />
            <line number="97" hits="1" branch="false" />
            <line number="98" hits="1" branch="false" />
            <line number="99" hits="1" branch="false" />
            <line number="100" hits="1" branch="false" />
            <line number="103" hits="1" branch="false" />
            <line number="104" hits="1" branch="false" />
            <line number="105" hits="1" branch="false" />
            <line number="106" hits="1" branch="false" />
            <line number="107" hits="1" branch="false" />
            <line number="108" hits="1" branch="false" />
            <line number="111" hits="1" branch="false" />
            <line number="112" hits="1" branch="false" />
            <line number="113" hits="1" branch="false" />
            <line number="114" hits="1" branch="false" />
            <line number="115" hits="1" branch="false" />
            <line number="116" hits="1" branch="false" />
            <line number="119" hits="1" branch="false" />
            <line number="120" hits="1" branch="false" />
            <line number="121" hits="1" branch="false" />
            <line number="122" hits="1" branch="false" />
            <line number="123" hits="1" branch="false" />
            <line number="124" hits="1" branch="false" />
            <line number="127" hits="1" branch="false" />
            <line number="128" hits="1" branch="false" />
            <line number="129" hits="1" branch="false" />
            <line number="130" hits="1" branch="false" />
            <line number="131" hits="1" branch="false" />
            <line number="132" hits="1" branch="false" />
            <line number="133" hits="1" branch="false" />
            <line number="136" hits="1" branch="false" />
            <line number="137" hits="1" branch="false" />
            <line number="138" hits="1" branch="false" />
            <line number="139" hits="1" branch="false" />
            <line number="140" hits="1" branch="false" />
            <line number="141" hits="1" branch="false" />
            <line number="142" hits="1" branch="false" />
            <line number="145" hits="1" branch="false" />
            <line number="146" hits="1" branch="false" />
            <line number="147" hits="1" branch="false" />
            <line number="148" hits="1" branch="false" />
            <line number="149" hits="1" branch="false" />
            <line number="150" hits="1" branch="false" />
            <line number="151" hits="1" branch="false" />
            <line number="154" hits="1" branch="false" />
            <line number="155" hits="1" branch="false" />
            <line number="156" hits="1" branch="false" />
            <line number="157" hits="1" branch="false" />
            <line number="158" hits="1" branch="false" />
            <line number="159" hits="1" branch="false" />
            <line number="160" hits="1" branch="false" />
            <line number="163" hits="1" branch="false" />
            <line number="164" hits="1" branch="false" />
            <line number="165" hits="1" branch="false" />
            <line number="166" hits="1" branch="false" />
            <line number="167" hits="4" branch="true" condition-coverage="100% (2/2)" />
            <line number="168" hits="1" branch="false" />
            <line number="169" hits="1" branch="false" />
            <line number="170" hits="1" branch="false" />
            <line number="171" hits="1" branch="false" />
            <line number="172" hits="1" branch="false" />
            <line number="175" hits="1" branch="false" />
            <line number="176" hits="1" branch="false" />
            <line number="177" hits="1" branch="false" />
            <line number="178" hits="1" branch="false" />
            <line number="179" hits="6" branch="true" condition-coverage="100% (2/2)" />
            <line number="180" hits="2" branch="false" />
            <line number="181" hits="2" branch="false" />
            <line number="182" hits="2" branch="false" />
            <line number="184" hits="1" branch="false" />
            <line number="187" hits="1" branch="false" />
            <line number="188" hits="1" branch="false" />
            <line number="189" hits="1" branch="false" />
            <line number="190" hits="1" branch="false" />
            <line number="191" hits="1" branch="false" />
            <line number="192" hits="1" branch="false" />
            <line number="193" hits="8" branch="true" condition-coverage="100% (2/2)" />
            <line number="194" hits="3" branch="false" />
            <line number="195" hits="3" branch="false" />
            <line number="196" hits="3" branch="false" />
            <line number="197" hits="3" branch="false" />
            <line number="198" hits="1" branch="false" />
            <line number="201" hits="1" branch="false" />
            <line number="202" hits="1" branch="false" />
            <line number="203" hits="1" branch="false" />
            <line number="204" hits="1" branch="false" />
            <line number="205" hits="1" branch="false" />
            <line number="206" hits="1" branch="false" />
            <line number="207" hits="6" branch="true" condition-coverage="100% (2/2)" />
            <line number="208" hits="2" branch="false" />
            <line number="209" hits="2" branch="false" />
            <line number="210" hits="2" branch="false" />
            <line number="211" hits="1" branch="false" />
            <line number="214" hits="1" branch="false" />
            <line number="215" hits="1" branch="false" />
            <line number="216" hits="1" branch="false" />
            <line number="217" hits="1" branch="false" />
            <line number="218" hits="1" branch="false" />
            <line number="219" hits="1" branch="false" />
            <line number="220" hits="1" branch="false" />
            <line number="221" hits="1" branch="false" />
            <line number="222" hits="1" branch="false" />
            <line number="224" hits="1" branch="false" />
          </lines>
        </class>
      </classes>
    </package>
  </packages>
</coverage>